  camera.cpp
  debugproc.cpp
  fade.cpp
  game.cpp
  jimen.cpp
  light.cpp
  main.cpp
  manager.cpp
  meshcylinder.cpp
  meshfield.cpp
  model.cpp
  modelmanager.cpp
  number.cpp
  object.cpp
  object2D.cpp
  object3D.cpp
  objectx.cpp
  pause.cpp
  pauseanager.cpp
  player.cpp
  コードを生成中...
  コンパイル中...
  renderer.cpp
  result.cpp
  resultmanager.cpp
  rock.cpp
  shadows.cpp
  texturemanager.cpp
  timer.cpp
  title.cpp
  titlemanager.cpp
  コードを生成中...
  Personal production.vcxproj -> C:\Users\student\Desktop\GitProject\Personal production\Debug\Personal production.exe
  'pwsh.exe' は、内部コマンドまたは外部コマンド、
  操作可能なプログラムまたはバッチ ファイルとして認識されていません。
