c:\users\student\onedrive - yoshida-g.ac.jp\デスクトップ\gitproject\personal production\debug\personal production.pch
c:\users\student\onedrive - yoshida-g.ac.jp\デスクトップ\gitproject\personal production\debug\vc142.pdb
c:\users\student\onedrive - yoshida-g.ac.jp\デスクトップ\gitproject\personal production\debug\vc142.idb
c:\users\student\onedrive - yoshida-g.ac.jp\デスクトップ\gitproject\personal production\debug\pch.obj
c:\users\student\onedrive - yoshida-g.ac.jp\デスクトップ\gitproject\personal production\debug\objectx.obj
c:\users\student\onedrive - yoshida-g.ac.jp\デスクトップ\gitproject\personal production\debug\object3d.obj
c:\users\student\onedrive - yoshida-g.ac.jp\デスクトップ\gitproject\personal production\debug\object2d.obj
c:\users\student\onedrive - yoshida-g.ac.jp\デスクトップ\gitproject\personal production\debug\object.obj
c:\users\student\onedrive - yoshida-g.ac.jp\デスクトップ\gitproject\personal production\debug\number.obj
c:\users\student\onedrive - yoshida-g.ac.jp\デスクトップ\gitproject\personal production\debug\motion.obj
c:\users\student\onedrive - yoshida-g.ac.jp\デスクトップ\gitproject\personal production\debug\modelmanager.obj
c:\users\student\onedrive - yoshida-g.ac.jp\デスクトップ\gitproject\personal production\debug\model.obj
c:\users\student\onedrive - yoshida-g.ac.jp\デスクトップ\gitproject\personal production\debug\meshfield.obj
c:\users\student\onedrive - yoshida-g.ac.jp\デスクトップ\gitproject\personal production\debug\meshcylinder.obj
c:\users\student\onedrive - yoshida-g.ac.jp\デスクトップ\gitproject\personal production\debug\manager.obj
c:\users\student\onedrive - yoshida-g.ac.jp\デスクトップ\gitproject\personal production\debug\main.obj
c:\users\student\onedrive - yoshida-g.ac.jp\デスクトップ\gitproject\personal production\debug\light.obj
c:\users\student\onedrive - yoshida-g.ac.jp\デスクトップ\gitproject\personal production\debug\jimen.obj
c:\users\student\onedrive - yoshida-g.ac.jp\デスクトップ\gitproject\personal production\debug\input.obj
c:\users\student\onedrive - yoshida-g.ac.jp\デスクトップ\gitproject\personal production\debug\game.obj
c:\users\student\onedrive - yoshida-g.ac.jp\デスクトップ\gitproject\personal production\debug\fade.obj
c:\users\student\onedrive - yoshida-g.ac.jp\デスクトップ\gitproject\personal production\debug\enemy.obj
c:\users\student\onedrive - yoshida-g.ac.jp\デスクトップ\gitproject\personal production\debug\debugproc.obj
c:\users\student\onedrive - yoshida-g.ac.jp\デスクトップ\gitproject\personal production\debug\camera.obj
c:\users\student\onedrive - yoshida-g.ac.jp\デスクトップ\gitproject\personal production\debug\titlemanager.obj
c:\users\student\onedrive - yoshida-g.ac.jp\デスクトップ\gitproject\personal production\debug\title.obj
c:\users\student\onedrive - yoshida-g.ac.jp\デスクトップ\gitproject\personal production\debug\timer.obj
c:\users\student\onedrive - yoshida-g.ac.jp\デスクトップ\gitproject\personal production\debug\texturemanager.obj
c:\users\student\onedrive - yoshida-g.ac.jp\デスクトップ\gitproject\personal production\debug\shadows.obj
c:\users\student\onedrive - yoshida-g.ac.jp\デスクトップ\gitproject\personal production\debug\scene.obj
c:\users\student\onedrive - yoshida-g.ac.jp\デスクトップ\gitproject\personal production\debug\rock.obj
c:\users\student\onedrive - yoshida-g.ac.jp\デスクトップ\gitproject\personal production\debug\resultmanager.obj
c:\users\student\onedrive - yoshida-g.ac.jp\デスクトップ\gitproject\personal production\debug\result.obj
c:\users\student\onedrive - yoshida-g.ac.jp\デスクトップ\gitproject\personal production\debug\renderer.obj
c:\users\student\onedrive - yoshida-g.ac.jp\デスクトップ\gitproject\personal production\debug\ranking.obj
c:\users\student\onedrive - yoshida-g.ac.jp\デスクトップ\gitproject\personal production\debug\player.obj
c:\users\student\onedrive - yoshida-g.ac.jp\デスクトップ\gitproject\personal production\debug\pauseanager.obj
c:\users\student\onedrive - yoshida-g.ac.jp\デスクトップ\gitproject\personal production\debug\pause.obj
c:\users\student\onedrive - yoshida-g.ac.jp\デスクトップ\gitproject\personal production\debug\personal production.ilk
c:\users\student\onedrive - yoshida-g.ac.jp\デスクトップ\gitproject\personal production\debug\personal production.exe
c:\users\student\onedrive - yoshida-g.ac.jp\デスクトップ\gitproject\personal production\debug\personal production.pdb
c:\users\student\onedrive - yoshida-g.ac.jp\デスクトップ\gitproject\personal production\debug\personal.9a0fb249.tlog\cl.command.1.tlog
c:\users\student\onedrive - yoshida-g.ac.jp\デスクトップ\gitproject\personal production\debug\personal.9a0fb249.tlog\cl.read.1.tlog
c:\users\student\onedrive - yoshida-g.ac.jp\デスクトップ\gitproject\personal production\debug\personal.9a0fb249.tlog\cl.write.1.tlog
c:\users\student\onedrive - yoshida-g.ac.jp\デスクトップ\gitproject\personal production\debug\personal.9a0fb249.tlog\link.command.1.tlog
c:\users\student\onedrive - yoshida-g.ac.jp\デスクトップ\gitproject\personal production\debug\personal.9a0fb249.tlog\link.read.1.tlog
c:\users\student\onedrive - yoshida-g.ac.jp\デスクトップ\gitproject\personal production\debug\personal.9a0fb249.tlog\link.write.1.tlog
